<?xml version="1.0" encoding="UTF-8"?>
<!-- Generated by org.testng.reporters.JUnitReportReporter -->
<testsuite hostname="Govardhan-PC" name="com.gktech.sellcars.LocateDealer" tests="4" failures="0" timestamp="15 Jan 2016 06:45:18 GMT" time="0.001" errors="4">
  <testcase name="locateDealer" time="0.000" classname="com.gktech.sellcars.LocateDealer"/>
  <testcase name="locateDealer" time="0.001" classname="com.gktech.sellcars.LocateDealer"/>
  <testcase name="locateDealer" time="0.000" classname="com.gktech.sellcars.LocateDealer"/>
  <testcase name="locateDealer" time="0.000" classname="com.gktech.sellcars.LocateDealer"/>
</testsuite> <!-- com.gktech.sellcars.LocateDealer -->
